<?xml version="1.0" encoding="UTF-8"?>
<testsuite name="k6-runtime-tests" tests="9" failures="0">
  <testcase classname="k6.smoke" name="smoke.checks_rate"/>
  <testcase classname="k6.smoke" name="smoke.http_req_failed_rate"/>
  <testcase classname="k6.smoke" name="smoke.http_req_duration_p95"/>
  <testcase classname="k6.load" name="load.checks_rate"/>
  <testcase classname="k6.load" name="load.http_req_failed_rate"/>
  <testcase classname="k6.load" name="load.http_req_duration_p95"/>
  <testcase classname="k6.stress" name="stress.checks_rate"/>
  <testcase classname="k6.stress" name="stress.http_req_failed_rate"/>
  <testcase classname="k6.stress" name="stress.http_req_duration_p95"/>
</testsuite>